<testsuites name="jest tests" tests="12" failures="0" time="3.6660000000000004">
  <testsuite name="undefined" errors="0" failures="0" skipped="0" timestamp="2018-02-28T19:09:34" time="3.535" tests="4">
    <testcase classname=" uses supertest" name=" uses supertest" time="0.114">
    </testcase>
    <testcase classname=" updates reviews with newest reviews" name=" updates reviews with newest reviews" time="0.312">
    </testcase>
    <testcase classname=" updates reviews with highest rated reviews" name=" updates reviews with highest rated reviews" time="0.286">
    </testcase>
    <testcase classname=" updates reviews with lowest rated reviews" name=" updates reviews with lowest rated reviews" time="0.294">
    </testcase>
  </testsuite>
  <testsuite name="undefined" errors="0" failures="0" skipped="0" timestamp="2018-02-28T19:09:38" time="0.111" tests="6">
    <testcase classname=" seeds test database with mock data using the npm scripts" name=" seeds test database with mock data using the npm scripts" time="0.01">
    </testcase>
    <testcase classname=" review data is valid" name=" review data is valid" time="0.011">
    </testcase>
    <testcase classname=" user data is valid" name=" user data is valid" time="0.006">
    </testcase>
    <testcase classname=" restaurants data is valid" name=" restaurants data is valid" time="0.002">
    </testcase>
    <testcase classname=" stats data is valid" name=" stats data is valid" time="0.002">
    </testcase>
    <testcase classname=" ratings distribution data is valid" name=" ratings distribution data is valid" time="0.001">
    </testcase>
  </testsuite>
  <testsuite name="undefined" errors="0" failures="0" skipped="0" timestamp="2018-02-28T19:09:38" time="0.02" tests="2">
    <testcase classname=" is true" name=" is true" time="0.002">
    </testcase>
    <testcase classname=" another dummy test" name=" another dummy test" time="0">
    </testcase>
  </testsuite>
</testsuites>